21:28:05.776 [main] INFO  org.testng.internal.Utils - [Utils] MethodGroupsHelper.collectMethodsByGroup() took 9 ms.
21:28:05.814 [main] INFO  org.testng.internal.Utils - [Utils] MethodGroupsHelper.sortMethods() took 30 ms.
21:28:05.816 [main] INFO  org.testng.internal.Utils - [Utils] MethodGroupsHelper.collectMethodsByGroup() took 0 ms.
21:28:05.816 [main] INFO  org.testng.internal.Utils - [Utils] MethodGroupsHelper.sortMethods() took 0 ms.
21:28:05.825 [main] INFO  org.testng.internal.Utils - [Utils] MethodGroupsHelper.collectMethodsByGroup() took 6 ms.
21:28:05.837 [main] INFO  org.testng.internal.Utils - [Utils] MethodGroupsHelper.sortMethods() took 12 ms.
21:28:05.841 [main] INFO  org.testng.internal.Utils - [Utils] MethodGroupsHelper.collectMethodsByGroup() took 0 ms.
21:28:05.841 [main] INFO  org.testng.internal.Utils - [Utils] MethodGroupsHelper.sortMethods() took 0 ms.
21:28:05.843 [main] INFO  org.testng.internal.Utils - [Utils] MethodGroupsHelper.collectMethodsByGroup() took 0 ms.
21:28:05.843 [main] INFO  org.testng.internal.Utils - [Utils] MethodGroupsHelper.sortMethods() took 0 ms.
21:28:05.845 [main] INFO  org.testng.internal.Utils - [Utils] MethodGroupsHelper.collectMethodsByGroup() took 0 ms.
21:28:05.846 [main] INFO  org.testng.internal.Utils - [Utils] MethodGroupsHelper.sortMethods() took 0 ms.
21:28:05.849 [main] INFO  org.testng.internal.Utils - [Utils] MethodGroupsHelper.collectMethodsByGroup() took 0 ms.
21:28:05.849 [main] INFO  org.testng.internal.Utils - [Utils] MethodGroupsHelper.sortMethods() took 0 ms.
21:28:05.850 [main] INFO  org.testng.internal.Utils - [Utils] MethodGroupsHelper.collectMethodsByGroup() took 0 ms.
21:28:05.850 [main] INFO  org.testng.internal.Utils - [Utils] MethodGroupsHelper.sortMethods() took 0 ms.
21:28:05.857 [main] INFO  org.testng.internal.Utils - [Utils] MethodGroupsHelper.collectMethodsByGroup() took 0 ms.
21:28:05.860 [main] INFO  org.testng.internal.Utils - [Utils] MethodGroupsHelper.sortMethods() took 1 ms.
21:28:05.863 [main] INFO  org.testng.internal.Utils - [Utils] MethodGroupsHelper.collectMethodsByGroup() took 0 ms.
21:28:05.863 [main] INFO  org.testng.internal.Utils - [Utils] MethodGroupsHelper.sortMethods() took 0 ms.
21:28:05.868 [main] INFO  org.testng.internal.Utils - [Utils] MethodGroupsHelper.collectMethodsByGroup() took 1 ms.
21:28:05.869 [main] INFO  org.testng.internal.Utils - [Utils] MethodGroupsHelper.sortMethods() took 0 ms.
21:28:05.870 [main] INFO  org.testng.internal.Utils - [Utils] MethodGroupsHelper.collectMethodsByGroup() took 0 ms.
21:28:05.874 [main] INFO  org.testng.internal.Utils - [Utils] MethodGroupsHelper.sortMethods() took 3 ms.
21:28:05.876 [main] INFO  org.testng.internal.Utils - [Utils] MethodGroupsHelper.collectMethodsByGroup() took 1 ms.
21:28:05.878 [main] INFO  org.testng.internal.Utils - [Utils] MethodGroupsHelper.sortMethods() took 1 ms.
21:28:05.882 [main] INFO  org.testng.internal.Utils - [Utils] MethodGroupsHelper.collectMethodsByGroup() took 0 ms.
21:28:05.883 [main] INFO  org.testng.internal.Utils - [Utils] MethodGroupsHelper.sortMethods() took 0 ms.
21:28:05.884 [main] INFO  org.testng.internal.Utils - [Utils] MethodGroupsHelper.collectMethodsByGroup() took 0 ms.
21:28:05.884 [main] INFO  org.testng.internal.Utils - [Utils] MethodGroupsHelper.sortMethods() took 0 ms.
21:28:05.901 [main] INFO  org.testng.internal.Utils - [TestNG] Running:
  C:\Users\Sravan\IdeaProjects\SeptemberTraining\Training\src\test\resources\TestNG_XML_Files_WithPOM\Sanity.xml

21:28:06.958 [main] INFO  i.g.bonigarcia.wdm.WebDriverManager - Using chromedriver 108.0.5359.71 (resolved driver for Chrome 108)
21:28:07.035 [main] INFO  i.g.bonigarcia.wdm.WebDriverManager - Exporting webdriver.chrome.driver as C:\Users\Sravan\.cache\selenium\chromedriver\win32\108.0.5359.71\chromedriver.exe
21:28:07.049 [main] INFO  org.testng.internal.Utils - [ThreadUtil] Starting executor timeOut:2147483647ms workers:1 threadPoolSize:4
21:28:10.271 [TestNG-tests-1] INFO  org.testng.internal.Utils - [Utils] DynamicGraphHelper.createDynamicGraph() took 8 ms.
21:28:10.382 [TestNG-tests-1] INFO  LoginPage - Logging in to the applications with username :: standard_user, password :: secret_sauce
21:28:11.200 [TestNG-tests-1] INFO  LoginPage - Logged in to the application
21:28:11.326 [TestNG-tests-1] INFO  LoginPage - Is Uer logged in to the application :: true
21:28:11.525 [TestNG-tests-1] INFO  DashboardPage - The text present on the logo is :: PRODUCTS
21:28:11.591 [TestNG-tests-1] INFO  DashboardPage - The shopping cart con is displayed or not :: true
21:28:11.778 [TestNG-tests-1] INFO  LoginPage - Logging in to the applications with username :: standard_user, password :: invalid
21:28:12.639 [TestNG-tests-1] INFO  LoginPage - Logged in to the application
21:28:12.753 [TestNG-tests-1] INFO  LoginPage - The error message displayed is :: Epic sadface: Username and password do not match any user in this service
21:28:13.575 [main] INFO  org.testng.internal.Utils - [TestNG] Time taken by org.testng.internal.ExitCodeListener@2e385cce: 0 ms
